epoch,acc,loss,lr,val_acc,val_loss
0,0.304824560880661,1.8600462675094604,0.005,0.15675675868988037,2.069237470626831
1,0.33525219559669495,1.7096474170684814,0.005,0.17027026414871216,2.0470621585845947
2,0.35334429144859314,1.6423882246017456,0.005,0.2108108103275299,1.958026647567749
3,0.32373902201652527,1.7085742950439453,0.005,0.2918919026851654,1.8593974113464355
4,0.34457236528396606,1.6298919916152954,0.005,0.31081080436706543,1.8355106115341187
5,0.3634868562221527,1.6137607097625732,0.005,0.3243243098258972,1.7575730085372925
6,0.3961074650287628,1.5692871809005737,0.005,0.25135135650634766,1.808611512184143
7,0.38870614767074585,1.5858545303344727,0.005,0.18648648262023926,1.8815863132476807
8,0.38596490025520325,1.574935793876648,0.005,0.31351351737976074,1.7513638734817505
9,0.40433114767074585,1.545470118522644,0.005,0.34324324131011963,1.6617573499679565
10,0.42132675647735596,1.5107134580612183,0.005,0.4054054021835327,1.564528465270996
11,0.29742324352264404,1.7538365125656128,0.005,0.13513512909412384,3.029264211654663
12,0.31716009974479675,1.6844489574432373,0.005,0.29729729890823364,1.801835536956787
13,0.38212719559669495,1.5810047388076782,0.005,0.3567567467689514,1.7208212614059448
14,0.3917214870452881,1.5650372505187988,0.005,0.3702702820301056,1.6424039602279663
15,0.40433114767074585,1.540894627571106,0.005,0.4351351261138916,1.5526173114776611
16,0.41885966062545776,1.5195199251174927,0.005,0.4054054021835327,1.5955934524536133
17,0.4232456088066101,1.5104392766952515,0.005,0.4567567706108093,1.54348886013031
18,0.4287280738353729,1.4881196022033691,0.005,0.4324324429035187,1.4883795976638794
19,0.4385964870452881,1.474386215209961,0.005,0.3378378450870514,1.5960118770599365
20,0.44078946113586426,1.4609501361846924,0.005,0.4486486613750458,1.5465035438537598
21,0.460800439119339,1.4322454929351807,0.005,0.3918918967247009,1.5139048099517822
22,0.45915570855140686,1.433397650718689,0.005,0.408108115196228,1.4835008382797241
23,0.48382675647735596,1.3773467540740967,0.0045,0.49459460377693176,1.3868812322616577
24,0.45394736528396606,1.4231525659561157,0.0045,0.454054057598114,1.4312865734100342
25,0.484649121761322,1.3633248805999756,0.0045,0.47297295928001404,1.5162009000778198
26,0.49835526943206787,1.3492963314056396,0.0045,0.4378378391265869,1.635844111442566
27,0.484100878238678,1.3908205032348633,0.0045,0.4810810685157776,1.5066794157028198
28,0.43914473056793213,1.4683598279953003,0.0045,0.47837838530540466,1.5097397565841675
29,0.48273026943206787,1.3785451650619507,0.0040499996,0.47567567229270935,1.5915883779525757
30,0.530701756477356,1.2981148958206177,0.0040499996,0.5243242979049683,1.291296362876892
31,0.5540021657943726,1.2399587631225586,0.0040499996,0.616216242313385,1.299359917640686
32,0.5800438523292542,1.191710352897644,0.0040499996,0.5486486554145813,1.2517211437225342
33,0.5249451994895935,1.3201292753219604,0.0040499996,0.3864865005016327,1.629373550415039
34,0.5518091917037964,1.2604247331619263,0.0040499996,0.5513513684272766,1.354078769683838
35,0.5707237124443054,1.1659375429153442,0.0040499996,0.5135135054588318,1.3044533729553223
36,0.609100878238678,1.128476858139038,0.0040499996,0.5486486554145813,1.1874744892120361
37,0.640899121761322,1.0711547136306763,0.0036449996,0.6648648381233215,1.021367073059082
38,0.5600329041481018,1.2705707550048828,0.0036449996,0.5648648738861084,1.2448722124099731
39,0.44709429144859314,1.501944661140442,0.0036449996,0.2567567527294159,1.9796992540359497
40,0.2982456088066101,1.757373571395874,0.0036449996,0.27837836742401123,1.7933427095413208
41,0.336074560880661,1.654599905014038,0.0036449996,0.3378378450870514,1.7127608060836792
42,0.3368969261646271,1.615698218345642,0.0036449996,0.3378378450870514,1.5560168027877808
43,0.3604714870452881,1.573326587677002,0.0032804997,0.2864864766597748,1.754228949546814
44,0.4205043911933899,1.481067419052124,0.0032804997,0.42702701687812805,1.5154128074645996
45,0.45504385232925415,1.3501125574111938,0.0032804997,0.4216216206550598,1.3662596940994263
46,0.5101425647735596,1.2661460638046265,0.0032804997,0.5189189314842224,1.3071459531784058
47,0.40405702590942383,1.5580447912216187,0.0032804997,0.4675675630569458,1.6211519241333008
48,0.5139802694320679,1.2411388158798218,0.0029524497,0.42972972989082336,1.4009451866149902
49,0.5427631735801697,1.160332441329956,0.0029524497,0.5621621608734131,1.2131322622299194
50,0.5644188523292542,1.079605221748352,0.0029524497,0.6027026772499084,1.0971428155899048
51,0.594024121761322,1.0387812852859497,0.0029524497,0.5648648738861084,1.2132952213287354
52,0.6025219559669495,1.0132362842559814,0.0029524497,0.5810810923576355,1.0823979377746582
53,0.6156798005104065,0.9885903596878052,0.0026572049,0.6027026772499084,1.078908085823059
54,0.6318530440330505,0.9581245183944702,0.0026572049,0.6567567586898804,1.0109567642211914
55,0.625548243522644,0.9741618633270264,0.0026572049,0.5972973108291626,1.1288416385650635
56,0.6861293911933899,0.9106206893920898,0.0026572049,0.6675675511360168,0.9852854013442993
57,0.7360197305679321,0.8184681534767151,0.0026572049,0.7378378510475159,0.8275939226150513
58,0.7313596606254578,0.8395338654518127,0.0026572049,0.7837837934494019,0.7364048361778259
59,0.7637061476707458,0.7539896368980408,0.0026572049,0.7567567825317383,0.7546144127845764
60,0.7532894611358643,0.7640830874443054,0.0026572049,0.754054069519043,0.77231764793396
61,0.6938048005104065,0.8890781998634338,0.0026572049,0.7513513565063477,0.8480269312858582
62,0.7302631735801697,0.8244564533233643,0.0026572049,0.7216216325759888,0.8127201199531555
63,0.749725878238678,0.7557427287101746,0.0026572049,0.754054069519043,0.8209591507911682
64,0.7705591917037964,0.7181406021118164,0.0023914843,0.7621621489524841,0.8057061433792114
65,0.7856359481811523,0.6763061285018921,0.0023914843,0.7783783674240112,0.701403796672821
66,0.8031798005104065,0.6225841641426086,0.0023914843,0.791891872882843,0.6313207745552063
67,0.813048243522644,0.6069206595420837,0.0023914843,0.816216230392456,0.6061306595802307
68,0.8094846606254578,0.605038583278656,0.0023914843,0.837837815284729,0.5600830912590027
69,0.6844846606254578,0.9565439820289612,0.0023914843,0.4864864945411682,1.3039532899856567
70,0.6540570259094238,1.0132369995117188,0.0023914843,0.662162184715271,1.0347161293029785
71,0.7628837823867798,0.7814751267433167,0.0023914843,0.7756756544113159,0.7529064416885376
72,0.7782346606254578,0.6888993978500366,0.0023914843,0.7405405640602112,0.8205453157424927
73,0.7754934430122375,0.7282790541648865,0.0023914843,0.754054069519043,0.7837363481521606
74,0.7445175647735596,0.7896696925163269,0.0021523358,0.7810810804367065,0.6779100298881531
75,0.8111293911933899,0.6261878609657288,0.0021523358,0.800000011920929,0.6699311137199402
76,0.6825658082962036,0.9275037050247192,0.0021523358,0.6918919086456299,1.0031174421310425
77,0.7746710777282715,0.6989441514015198,0.0021523358,0.7783783674240112,0.743715763092041
78,0.8125,0.6069730520248413,0.0021523358,0.791891872882843,0.7050506472587585
79,0.8092105388641357,0.5968347787857056,0.0019371023,0.7783783674240112,0.6738647222518921
80,0.8157894611358643,0.5998485088348389,0.0019371023,0.8216215968132019,0.6160626411437988
81,0.8327850699424744,0.5511389374732971,0.0019371023,0.8081080913543701,0.6217470765113831
82,0.8294956088066101,0.5530157089233398,0.0019371023,0.8135135173797607,0.648581862449646
83,0.8220943212509155,0.5594589710235596,0.0019371023,0.8135135173797607,0.5854982137680054
84,0.8103070259094238,0.6163122057914734,0.0017433921,0.8243243098258972,0.5628535151481628
85,0.8185306787490845,0.5562763810157776,0.0017433921,0.7945945858955383,0.6229724287986755
86,0.8245614171028137,0.5298315286636353,0.0017433921,0.8054053783416748,0.5755404233932495
87,0.8078399300575256,0.591499924659729,0.0017433921,0.8189189434051514,0.5722131133079529
88,0.8220943212509155,0.5567400455474854,0.0017433921,0.8108108043670654,0.5989859104156494
89,0.8327850699424744,0.5408187508583069,0.0015690529,0.8405405282974243,0.5185777544975281
90,0.8300438523292542,0.523810088634491,0.0015690529,0.8135135173797607,0.6142466068267822
91,0.8421052694320679,0.5144127011299133,0.0015690529,0.837837815284729,0.51924729347229
92,0.8421052694320679,0.5078355073928833,0.0015690529,0.8459459543228149,0.5156000256538391
93,0.84375,0.49457886815071106,0.0015690529,0.8486486673355103,0.49308156967163086
94,0.8418311476707458,0.4900768995285034,0.0015690529,0.8351351618766785,0.4873996078968048
95,0.8489583134651184,0.4752727746963501,0.0015690529,0.8459459543228149,0.49403586983680725
96,0.844024121761322,0.47109925746917725,0.0015690529,0.8405405282974243,0.49143892526626587
97,0.8511512875556946,0.4607348144054413,0.0015690529,0.8432432413101196,0.4737282395362854
98,0.844024121761322,0.46143779158592224,0.0015690529,0.8405405282974243,0.5234991312026978
99,0.8555372953414917,0.4417629539966583,0.0014121477,0.8675675392150879,0.47136110067367554
100,0.8319627046585083,0.5144665837287903,0.0014121477,0.8351351618766785,0.5016438961029053
101,0.8349780440330505,0.5009588003158569,0.0014121477,0.8216215968132019,0.5597090721130371
102,0.8500548005104065,0.45234614610671997,0.0014121477,0.8756756782531738,0.43408146500587463
103,0.8626644611358643,0.4250335395336151,0.0014121477,0.8513513803482056,0.47289520502090454
104,0.8637609481811523,0.42818960547447205,0.0014121477,0.8027027249336243,0.6319041848182678
105,0.8368969559669495,0.4866991937160492,0.0014121477,0.8594594597816467,0.4878609776496887
106,0.8626644611358643,0.432865172624588,0.0014121477,0.8567567467689514,0.4451940059661865
107,0.8226425647735596,0.5319377183914185,0.0014121477,0.6891891956329346,0.807485044002533
108,0.8108552694320679,0.5844334959983826,0.0012709328,0.7675675749778748,0.6384395360946655
109,0.8314144611358643,0.5030157566070557,0.0012709328,0.8189189434051514,0.5285004377365112
110,0.8374451994895935,0.48822537064552307,0.0012709328,0.7351351380348206,0.927340030670166
111,0.8193530440330505,0.5674600005149841,0.0012709328,0.8594594597816467,0.4677295684814453
112,0.8659539222717285,0.4268403947353363,0.0012709328,0.8648648858070374,0.4393894374370575
113,0.8667762875556946,0.41145196557044983,0.0011438396,0.8810811042785645,0.41402027010917664
114,0.8708881735801697,0.4008754789829254,0.0011438396,0.8702702522277832,0.42998063564300537
115,0.8569079041481018,0.42956921458244324,0.0011438396,0.8594594597816467,0.47576332092285156
116,0.8662280440330505,0.4100634455680847,0.0011438396,0.8729729652404785,0.43550923466682434
117,0.8648574352264404,0.4069657325744629,0.0011438396,0.8675675392150879,0.43214181065559387
118,0.8681469559669495,0.4031408429145813,0.0011438396,0.8756756782531738,0.4316459000110626
119,0.875548243522644,0.38639214634895325,0.0010294556,0.8729729652404785,0.43070146441459656
120,0.8815789222717285,0.3740096986293793,0.0010294556,0.8594594597816467,0.44272032380104065
121,0.875548243522644,0.3891020715236664,0.0010294556,0.8783783912658691,0.4140324294567108
122,0.8728070259094238,0.39559200406074524,0.0010294556,0.8405405282974243,0.46970540285110474
123,0.8675987124443054,0.41744622588157654,0.0010294556,0.8756756782531738,0.44544023275375366
124,0.8818530440330505,0.3786592185497284,0.00092651,0.8891891837120056,0.4081284701824188
125,0.8796600699424744,0.37165266275405884,0.00092651,0.8702702522277832,0.4269205331802368
126,0.8793859481811523,0.38178685307502747,0.00092651,0.8891891837120056,0.4078911542892456
127,0.8519737124443054,0.43655040860176086,0.00092651,0.8459459543228149,0.4870477318763733
128,0.8659539222717285,0.3892934024333954,0.00092651,0.8756756782531738,0.41985052824020386
129,0.8626644611358643,0.41034308075904846,0.00092651,0.8675675392150879,0.44974657893180847
130,0.8560855388641357,0.4324517846107483,0.000833859,0.8459459543228149,0.4619745910167694
131,0.8769188523292542,0.3757733404636383,0.000833859,0.8702702522277832,0.4282037615776062
132,0.8829495906829834,0.3514437675476074,0.000833859,0.8864864706993103,0.41670504212379456
133,0.8870614171028137,0.3528917133808136,0.000833859,0.8783783912658691,0.436948299407959
134,0.8031798005104065,0.5875279903411865,0.000833859,0.8459459543228149,0.5081397294998169
135,0.843475878238678,0.47420698404312134,0.0007504731,0.8027027249336243,0.6598538160324097
136,0.8519737124443054,0.45891985297203064,0.0007504731,0.837837815284729,0.566156268119812
137,0.8615679740905762,0.42854905128479004,0.0007504731,0.8486486673355103,0.5480228066444397
138,0.8634868264198303,0.41224047541618347,0.0007504731,0.8540540337562561,0.47291597723960876
139,0.8640350699424744,0.4092257022857666,0.0007504731,0.8567567467689514,0.5041490793228149
140,0.8725329041481018,0.3965810239315033,0.0006754258,0.8540540337562561,0.4922995865345001
141,0.8626644611358643,0.4119698405265808,0.0006754258,0.862162172794342,0.46947982907295227
142,0.8741776347160339,0.38341420888900757,0.0006754258,0.8567567467689514,0.48445767164230347
143,0.890076756477356,0.3663460612297058,0.0006754258,0.8756756782531738,0.4308479428291321
144,0.8848684430122375,0.3705247938632965,0.0006754258,0.8783783912658691,0.4321065843105316
145,0.8821271657943726,0.3608977794647217,0.0006078832,0.8864864706993103,0.40380823612213135
146,0.890350878238678,0.34986069798469543,0.0006078832,0.8810811042785645,0.4184163808822632
147,0.8930920958518982,0.3466453552246094,0.0006078832,0.8810811042785645,0.4110671281814575
148,0.891173243522644,0.35356953740119934,0.0006078832,0.8918918967247009,0.38590532541275024
149,0.8892543911933899,0.3453964293003082,0.0006078832,0.862162172794342,0.41772276163101196
150,0.8867872953414917,0.35284897685050964,0.0006078832,0.8864864706993103,0.4033264219760895
151,0.8785635828971863,0.3720965087413788,0.0006078832,0.8567567467689514,0.4914880394935608
152,0.8818530440330505,0.38241976499557495,0.0006078832,0.883783757686615,0.40997204184532166
153,0.890625,0.3451782464981079,0.0006078832,0.8405405282974243,0.5462597608566284
154,0.8834978342056274,0.3670850098133087,0.0005470949,0.8756756782531738,0.39198970794677734
155,0.8950109481811523,0.3350532054901123,0.0005470949,0.8891891837120056,0.38357308506965637
156,0.8963815569877625,0.32283806800842285,0.0005470949,0.8702702522277832,0.4275292754173279
157,0.9007675647735596,0.3138752281665802,0.0005470949,0.883783757686615,0.39181360602378845
158,0.9037829041481018,0.30217114090919495,0.0005470949,0.8945946097373962,0.3817891776561737
159,0.9013158082962036,0.31308719515800476,0.0005470949,0.8945946097373962,0.3835912346839905
160,0.8941885828971863,0.34327131509780884,0.0005470949,0.8648648858070374,0.4396476149559021
161,0.8887061476707458,0.33032774925231934,0.0005470949,0.8864864706993103,0.37263497710227966
162,0.9032346606254578,0.30788612365722656,0.0005470949,0.8891891837120056,0.4146873354911804
163,0.9015899300575256,0.3061109185218811,0.0005470949,0.883783757686615,0.37860095500946045
164,0.9054276347160339,0.2967011630535126,0.0005,0.9054054021835327,0.35304591059684753
165,0.9089912176132202,0.2892219126224518,0.0005,0.8594594597816467,0.4559358060359955
166,0.8758223652839661,0.3765542805194855,0.0005,0.8702702522277832,0.4019675552845001
167,0.8996710777282715,0.3260124623775482,0.0005,0.9027026891708374,0.3283701539039612
168,0.8889802694320679,0.34239351749420166,0.0005,0.8864864706993103,0.37828290462493896
169,0.8996710777282715,0.3166287839412689,0.0005,0.9027026891708374,0.3370618522167206
170,0.9054276347160339,0.29593271017074585,0.0005,0.9027026891708374,0.3420458734035492
171,0.9046052694320679,0.2981370687484741,0.0005,0.8864864706993103,0.37104547023773193
172,0.9092653393745422,0.28697469830513,0.0005,0.9054054021835327,0.345285028219223
173,0.9013158082962036,0.31249719858169556,0.0005,0.8864864706993103,0.36674222350120544
174,0.9051535129547119,0.3048338294029236,0.0005,0.8108108043670654,0.6977332234382629
175,0.8322368264198303,0.5444982647895813,0.0005,0.8783783912658691,0.42124143242836
176,0.8832237124443054,0.3565795421600342,0.0005,0.8918918967247009,0.36560916900634766
177,0.9007675647735596,0.3126424551010132,0.0005,0.8918918967247009,0.3727330267429352
178,0.9125548005104065,0.28404584527015686,0.0005,0.9027026891708374,0.35748472809791565
179,0.906798243522644,0.29922282695770264,0.0005,0.8999999761581421,0.3630480468273163
180,0.9026864171028137,0.30027973651885986,0.0005,0.8945946097373962,0.36211061477661133
181,0.9081688523292542,0.28477805852890015,0.0005,0.8972973227500916,0.356144517660141
182,0.9111841917037964,0.2703806757926941,0.0005,0.8945946097373962,0.3435635566711426
183,0.9169408082962036,0.27335745096206665,0.0005,0.9054054021835327,0.355962872505188
184,0.9109100699424744,0.2850789427757263,0.0005,0.9108108282089233,0.34271764755249023
185,0.8950109481811523,0.32932978868484497,0.0005,0.8999999761581421,0.34176596999168396
186,0.9043311476707458,0.2942274212837219,0.0005,0.8972973227500916,0.35190364718437195
187,0.9139254093170166,0.2796570062637329,0.0005,0.9054054021835327,0.33203038573265076
188,0.9144737124443054,0.2725426256656647,0.0005,0.8999999761581421,0.3508223593235016
189,0.9100877046585083,0.28833284974098206,0.0005,0.8945946097373962,0.35975560545921326
190,0.9098135828971863,0.2782757580280304,0.0005,0.8918918967247009,0.3505256175994873
191,0.9131030440330505,0.27947282791137695,0.0005,0.9027026891708374,0.33512699604034424
192,0.9177631735801697,0.2630130648612976,0.0005,0.8864864706993103,0.4078410863876343
193,0.9084429740905762,0.28751668334007263,0.0005,0.8945946097373962,0.36496028304100037
194,0.9095394611358643,0.274754136800766,0.0005,0.9054054021835327,0.33277127146720886
195,0.9191337823867798,0.2634722590446472,0.0005,0.8891891837120056,0.3751114308834076
196,0.9103618264198303,0.2767493724822998,0.0005,0.8972973227500916,0.3434145450592041
197,0.9046052694320679,0.29639488458633423,0.0005,0.8918918967247009,0.3516766130924225
198,0.9114583134651184,0.28633517026901245,0.0005,0.8945946097373962,0.328553169965744
199,0.90625,0.29033392667770386,0.0005,0.8999999761581421,0.32596129179000854
200,0.9087170958518982,0.2759278416633606,0.0005,0.8918918967247009,0.36401820182800293
201,0.9152960777282715,0.2683952748775482,0.0005,0.9027026891708374,0.3272659182548523
202,0.9136512875556946,0.2664261758327484,0.0005,0.9027026891708374,0.36041805148124695
203,0.9147478342056274,0.2680153548717499,0.0005,0.8891891837120056,0.3584054410457611
204,0.9144737124443054,0.268499493598938,0.0005,0.8972973227500916,0.35396304726600647
205,0.9155701994895935,0.2661152780056,0.0005,0.8972973227500916,0.3459499478340149
206,0.9155701994895935,0.2695259153842926,0.0005,0.8783783912658691,0.3692711889743805
207,0.9081688523292542,0.2728344202041626,0.0005,0.8756756782531738,0.4210163950920105
208,0.9141995906829834,0.26390814781188965,0.0005,0.8810811042785645,0.3748660087585449
209,0.9114583134651184,0.2771819233894348,0.0005,0.8810811042785645,0.40956661105155945
210,0.9131030440330505,0.2787798345088959,0.0005,0.8918918967247009,0.37553608417510986
211,0.9136512875556946,0.2828153669834137,0.0005,0.8729729652404785,0.37148550152778625
212,0.8974780440330505,0.31360924243927,0.0005,0.862162172794342,0.39007195830345154
213,0.8941885828971863,0.3215171992778778,0.0005,0.8756756782531738,0.36855199933052063
214,0.9098135828971863,0.278513103723526,0.0005,0.8783783912658691,0.34093785285949707
215,0.9169408082962036,0.26616978645324707,0.0005,0.8648648858070374,0.3782601058483124
216,0.9073464870452881,0.2905254065990448,0.0005,0.8810811042785645,0.35463929176330566
217,0.9191337823867798,0.26181676983833313,0.0005,0.8891891837120056,0.36097025871276855
218,0.9114583134651184,0.2846391201019287,0.0005,0.8729729652404785,0.3688833713531494
219,0.9152960777282715,0.2677222192287445,0.0005,0.8756756782531738,0.37482601404190063
220,0.9133771657943726,0.2785499095916748,0.0005,0.8783783912658691,0.350186288356781
221,0.9207785129547119,0.2587994337081909,0.0005,0.883783757686615,0.36133041977882385
222,0.9161184430122375,0.2528412938117981,0.0005,0.8945946097373962,0.32722747325897217
223,0.9141995906829834,0.2669108808040619,0.0005,0.8864864706993103,0.33895379304885864
224,0.9163925647735596,0.26159173250198364,0.0005,0.8918918967247009,0.3527389466762543
225,0.9166666865348816,0.2861863970756531,0.0005,0.8189189434051514,0.589012622833252
226,0.8547149300575256,0.4606282711029053,0.0005,0.883783757686615,0.43150845170021057
227,0.9158443212509155,0.28362974524497986,0.0005,0.8945946097373962,0.3516635298728943
228,0.9152960777282715,0.2661048471927643,0.0005,0.8891891837120056,0.3683026432991028
229,0.9202302694320679,0.25307825207710266,0.0005,0.8891891837120056,0.3301265835762024
230,0.9188596606254578,0.25856345891952515,0.0005,0.8810811042785645,0.3599676191806793
231,0.9141995906829834,0.28236067295074463,0.0005,0.8783783912658691,0.3797246515750885
232,0.9114583134651184,0.28569409251213074,0.0005,0.8810811042785645,0.34403714537620544
233,0.9254385828971863,0.2584741711616516,0.0005,0.8891891837120056,0.3252139985561371
234,0.9147478342056274,0.27911096811294556,0.0005,0.8567567467689514,0.45052552223205566
235,0.9024122953414917,0.3218883275985718,0.0005,0.8864864706993103,0.33743900060653687
236,0.8114035129547119,0.6155214309692383,0.0005,0.6270270347595215,0.9578839540481567
237,0.7667214870452881,0.6706563234329224,0.0005,0.7675675749778748,0.665945827960968
238,0.8064693212509155,0.5528857707977295,0.0005,0.7810810804367065,0.6008730530738831
239,0.8560855388641357,0.45512497425079346,0.0005,0.8540540337562561,0.4154456853866577
240,0.8829495906829834,0.35609182715415955,0.0005,0.8405405282974243,0.47111648321151733
241,0.8423793911933899,0.47758495807647705,0.0005,0.8189189434051514,0.6121193766593933
242,0.8385416865348816,0.5154340267181396,0.0005,0.8297297358512878,0.5394880771636963
243,0.8610197305679321,0.4199877977371216,0.0005,0.8648648858070374,0.39784014225006104
244,0.8983004093170166,0.32834047079086304,0.0005,0.8594594597816467,0.3880102336406708
245,0.8670504093170166,0.38814812898635864,0.0005,0.7810810804367065,0.5535998940467834
246,0.8292214870452881,0.5386327505111694,0.0005,0.7864865064620972,0.6406437158584595
247,0.8412829041481018,0.47778210043907166,0.0005,0.8189189434051514,0.5084613561630249
248,0.8632127046585083,0.4574539065361023,0.0005,0.8189189434051514,0.5894641876220703
249,0.8514254093170166,0.48284175992012024,0.0005,0.8405405282974243,0.4364849627017975
250,0.8763706088066101,0.3937605023384094,0.0005,0.8351351618766785,0.45113253593444824
251,0.8571820259094238,0.47400495409965515,0.0005,0.816216230392456,0.5222079753875732
252,0.8612938523292542,0.4345954954624176,0.0005,0.7864865064620972,0.6020247936248779
253,0.813048243522644,0.6033307313919067,0.0005,0.5864864587783813,1.6935983896255493
254,0.6913377046585083,0.881274938583374,0.0005,0.7351351380348206,0.7500866055488586
255,0.8037280440330505,0.6071174740791321,0.0005,0.8189189434051514,0.5367626547813416
256,0.8500548005104065,0.47928586602211,0.0005,0.8243243098258972,0.5316838622093201
257,0.8547149300575256,0.46360814571380615,0.0005,0.837837815284729,0.4724690914154053
258,0.8733552694320679,0.4254528880119324,0.0005,0.8405405282974243,0.4692968428134918
259,0.874451756477356,0.40565454959869385,0.0005,0.8459459543228149,0.4293471872806549
260,0.8807565569877625,0.38578417897224426,0.0005,0.8486486673355103,0.43173518776893616
261,0.8788377046585083,0.3910186290740967,0.0005,0.545945942401886,1.5067861080169678
262,0.625548243522644,1.1197679042816162,0.0005,0.699999988079071,0.9078274965286255
263,0.7250548005104065,0.823747456073761,0.0005,0.6864864826202393,0.9266057014465332
264,0.7582237124443054,0.7349474430084229,0.0005,0.7405405640602112,0.7315686941146851
265,0.7804276347160339,0.6412680745124817,0.0005,0.7648648619651794,0.68876051902771
266,0.7856359481811523,0.6326404809951782,0.0005,0.7567567825317383,0.6911885738372803
267,0.8097587823867798,0.5740209817886353,0.0005,0.8081080913543701,0.5614902973175049
268,0.8185306787490845,0.555546760559082,0.0005,0.816216230392456,0.5846108198165894
269,0.8456688523292542,0.502588152885437,0.0005,0.8324324488639832,0.5503906011581421
270,0.8506030440330505,0.468475878238678,0.0005,0.8324324488639832,0.5158674716949463
271,0.8558114171028137,0.4557475447654724,0.0005,0.8324324488639832,0.4546428918838501
272,0.8728070259094238,0.4088670611381531,0.0005,0.8540540337562561,0.4293360412120819
273,0.874451756477356,0.3938942551612854,0.0005,0.8540540337562561,0.45819374918937683
274,0.8766447305679321,0.38870692253112793,0.0005,0.8459459543228149,0.42107316851615906
275,0.8758223652839661,0.3871675133705139,0.0005,0.8702702522277832,0.4532337784767151
276,0.8467653393745422,0.47778937220573425,0.0005,0.8270270228385925,0.5104241967201233
277,0.8566337823867798,0.42755964398384094,0.0005,0.837837815284729,0.476596474647522
278,0.859100878238678,0.4303571879863739,0.0005,0.8189189434051514,0.5217257738113403
279,0.8634868264198303,0.41500574350357056,0.0005,0.8324324488639832,0.5046181082725525
280,0.8582785129547119,0.4250375032424927,0.0005,0.8216215968132019,0.5145465135574341
281,0.8582785129547119,0.42459219694137573,0.0005,0.8432432413101196,0.45671477913856506
282,0.8536184430122375,0.44899988174438477,0.0005,0.8108108043670654,0.5207672715187073
283,0.8695175647735596,0.3849745988845825,0.0005,0.8486486673355103,0.44406408071517944
284,0.8793859481811523,0.3630260229110718,0.0005,0.8594594597816467,0.4128415882587433
285,0.8760964870452881,0.3603275418281555,0.0005,0.8540540337562561,0.4201178550720215
286,0.890350878238678,0.33716049790382385,0.0005,0.8729729652404785,0.37410256266593933
287,0.8834978342056274,0.36828160285949707,0.0005,0.8351351618766785,0.49926888942718506
288,0.8692434430122375,0.40091976523399353,0.0005,0.8297297358512878,0.4637497663497925
289,0.8670504093170166,0.3984176218509674,0.0005,0.8351351618766785,0.4878455102443695
290,0.8673245906829834,0.40103527903556824,0.0005,0.8486486673355103,0.43364229798316956
291,0.8730811476707458,0.3734709322452545,0.0005,0.8405405282974243,0.4745306372642517
292,0.8700658082962036,0.3857588768005371,0.0005,0.8324324488639832,0.49179086089134216
293,0.8538925647735596,0.440940797328949,0.0005,0.8351351618766785,0.46421945095062256
294,0.8621162176132202,0.4204687178134918,0.0005,0.8540540337562561,0.43288326263427734
295,0.8500548005104065,0.45601004362106323,0.0005,0.8270270228385925,0.4911823868751526
296,0.8615679740905762,0.4229735732078552,0.0005,0.8189189434051514,0.4972117245197296
297,0.8563596606254578,0.45261484384536743,0.0005,0.8324324488639832,0.4941592514514923
298,0.8218201994895935,0.5543324947357178,0.0005,0.8108108043670654,0.5997135639190674
299,0.8464912176132202,0.4490678012371063,0.0005,0.8459459543228149,0.45494550466537476
300,0.8640350699424744,0.4026185870170593,0.0005,0.8567567467689514,0.4377712309360504
301,0.859100878238678,0.41482266783714294,0.0005,0.8459459543228149,0.5137577652931213
302,0.8445723652839661,0.46450385451316833,0.0005,0.8405405282974243,0.46623528003692627
303,0.8725329041481018,0.38756418228149414,0.0005,0.8297297358512878,0.4611949622631073
304,0.8675987124443054,0.39970359206199646,0.0005,0.8405405282974243,0.4700073301792145
305,0.8766447305679321,0.37662023305892944,0.0005,0.8486486673355103,0.4233948886394501
306,0.8686951994895935,0.3936293423175812,0.0005,0.837837815284729,0.45502814650535583
307,0.8793859481811523,0.35860830545425415,0.0005,0.8594594597816467,0.42004144191741943
308,0.8870614171028137,0.3522529602050781,0.0005,0.8675675392150879,0.4571761190891266
309,0.8717105388641357,0.37891241908073425,0.0005,0.862162172794342,0.4677950441837311
310,0.8815789222717285,0.35650160908699036,0.0005,0.8675675392150879,0.38845598697662354
311,0.8865131735801697,0.33511292934417725,0.0005,0.862162172794342,0.38907378911972046
312,0.8917214870452881,0.3346194624900818,0.0005,0.8783783912658691,0.3846377730369568
313,0.8881579041481018,0.33256837725639343,0.0005,0.883783757686615,0.3706172704696655
314,0.8796600699424744,0.3494333028793335,0.0005,0.8756756782531738,0.44116124510765076
315,0.8892543911933899,0.34272581338882446,0.0005,0.8702702522277832,0.40941140055656433
316,0.8856908082962036,0.3320758640766144,0.0005,0.8783783912658691,0.4123742878437042
317,0.890076756477356,0.332462877035141,0.0005,0.8864864706993103,0.4018944799900055
318,0.8832237124443054,0.33957839012145996,0.0005,0.8729729652404785,0.40677881240844727
319,0.8824012875556946,0.34191974997520447,0.0005,0.8783783912658691,0.41405925154685974
320,0.8845943212509155,0.35217851400375366,0.0005,0.8432432413101196,0.48562318086624146
321,0.891173243522644,0.34187397360801697,0.0005,0.8675675392150879,0.39604833722114563
322,0.8961074352264404,0.32294297218322754,0.0005,0.8810811042785645,0.3736864924430847
323,0.8963815569877625,0.3284531235694885,0.0005,0.8783783912658691,0.4208270013332367
324,0.8961074352264404,0.31302961707115173,0.0005,0.8945946097373962,0.38883060216903687
325,0.8941885828971863,0.31621941924095154,0.0005,0.8756756782531738,0.3808944821357727
326,0.8936403393745422,0.3207593858242035,0.0005,0.883783757686615,0.3871609568595886
327,0.8963815569877625,0.32227930426597595,0.0005,0.8594594597816467,0.40032580494880676
328,0.8914473652839661,0.34366723895072937,0.0005,0.8783783912658691,0.39288845658302307
329,0.8983004093170166,0.31481555104255676,0.0005,0.883783757686615,0.3929496705532074
330,0.8991228342056274,0.2984584867954254,0.0005,0.8729729652404785,0.41527947783470154
331,0.8898026347160339,0.3294118046760559,0.0005,0.8648648858070374,0.4587172269821167
332,0.8796600699424744,0.396564781665802,0.0005,0.8729729652404785,0.4207962155342102
333,0.8859649300575256,0.3549766540527344,0.0005,0.8756756782531738,0.38704416155815125
334,0.8503289222717285,0.4472982883453369,0.0005,0.7675675749778748,0.6649278998374939
335,0.8552631735801697,0.4363497793674469,0.0005,0.8405405282974243,0.437902569770813
336,0.8810306787490845,0.3664092719554901,0.0005,0.8675675392150879,0.38244083523750305
337,0.8862390518188477,0.35855546593666077,0.0005,0.8783783912658691,0.366917222738266
338,0.8832237124443054,0.35342124104499817,0.0005,0.8756756782531738,0.38668426871299744
339,0.8917214870452881,0.3424636423587799,0.0005,0.883783757686615,0.38651564717292786
340,0.8977521657943726,0.32474765181541443,0.0005,0.862162172794342,0.4137040972709656
341,0.8961074352264404,0.32324713468551636,0.0005,0.8729729652404785,0.3886624574661255
342,0.8859649300575256,0.35878580808639526,0.0005,0.8459459543228149,0.4482935667037964
343,0.8887061476707458,0.34325897693634033,0.0005,0.8783783912658691,0.3978642523288727
344,0.8659539222717285,0.4149587154388428,0.0005,0.8459459543228149,0.4717733561992645
345,0.874725878238678,0.37925395369529724,0.0005,0.8648648858070374,0.4244776964187622
346,0.8870614171028137,0.36064669489860535,0.0005,0.8297297358512878,0.5350210666656494
347,0.8637609481811523,0.4075675308704376,0.0005,0.8810811042785645,0.4403061866760254
348,0.8930920958518982,0.3388153910636902,0.0005,0.8486486673355103,0.4959591031074524
349,0.8892543911933899,0.3416886031627655,0.0005,0.8594594597816467,0.45534834265708923
